<?xml version="1.0" encoding="UTF-8"?>
<!-- Generated by org.testng.reporters.JUnitXMLReporter -->
<testsuite ignored="0" hostname="Giteshp-lap007" failures="0" tests="1" name="Edge" time="0.135" errors="0" timestamp="2022-08-09T19:25:24 IST">
  <testcase classname="Opencart_Test.Test_BaseClass" name="@BeforeClass Setup" time="0.015">
    <failure type="java.lang.NullPointerException" message="Cannot invoke &amp;quot;org.openqa.selenium.WebDriver.manage()&amp;quot; because &amp;quot;Opencart_Test.Test_BaseClass.driver&amp;quot; is null">
      <![CDATA[java.lang.NullPointerException: Cannot invoke "org.openqa.selenium.WebDriver.manage()" because "Opencart_Test.Test_BaseClass.driver" is null
at Opencart_Test.Test_BaseClass.Setup(Test_BaseClass.java:38)
at java.base/java.util.ArrayList.forEach(ArrayList.java:1511)
at java.base/java.util.concurrent.FutureTask.run(FutureTask.java:264)
at java.base/java.util.concurrent.ThreadPoolExecutor.runWorker(ThreadPoolExecutor.java:1130)
at java.base/java.util.concurrent.ThreadPoolExecutor$Worker.run(ThreadPoolExecutor.java:630)
at java.base/java.lang.Thread.run(Thread.java:831)
... Removed 16 stack frames]]>
    </failure>
  </testcase> <!-- @BeforeClass Setup -->
  <testcase classname="Opencart_Test.Test_BaseClass" name="@AfterClass TeadDown" time="0.0">
    <skipped/>
  </testcase> <!-- @AfterClass TeadDown -->
  <testcase classname="Opencart_Test.TestRegistration" name="TestRegistrationpage" time="0.0">
    <skipped/>
  </testcase> <!-- TestRegistrationpage -->
</testsuite> <!-- Edge -->
