<?xml version="1.0" encoding="UTF-8"?>
<!-- Generated by org.testng.reporters.JUnitXMLReporter -->
<testsuite ignored="0" hostname="Giteshp-lap007" failures="0" tests="4" name="Default test" time="13.893" errors="0" timestamp="2022-08-25T18:28:37 IST">
  <testcase classname="Opencart_Test.Login_Test" name="Test_Login_Page" time="1.275"/>
  <testcase classname="Opencart_Test.Login_Test" name="Test_Login_Page" time="1.057"/>
  <testcase classname="Opencart_Test.Login_Test" name="Test_Login_Page" time="1.07"/>
  <testcase classname="Opencart_Test.Login_Test" name="Test_Login_Page" time="1.073"/>
</testsuite> <!-- Default test -->
