<?xml version="1.0" encoding="UTF-8"?>
<!-- Generated by org.testng.reporters.JUnitXMLReporter -->
<testsuite ignored="0" hostname="Giteshp-lap007" failures="1" tests="1" name="AllTest" time="9.035" errors="0" timestamp="2022-08-23T17:50:15 IST">
  <testcase classname="Opencart_Test.Login_Test" name="TestLogin" time="0.0">
    <failure type="org.testng.TestNGException" message="
Cannot inject @Test annotated Method [TestLogin] with [class java.lang.String, class java.lang.String].
For more information on native dependency injection please refer to https://testng.org/doc/documentation-main.html#native-dependency-injection">
      <![CDATA[org.testng.TestNGException: 
Cannot inject @Test annotated Method [TestLogin] with [class java.lang.String, class java.lang.String].
For more information on native dependency injection please refer to https://testng.org/doc/documentation-main.html#native-dependency-injection
at java.base/java.util.ArrayList.forEach(ArrayList.java:1378)
... Removed 30 stack frames]]>
    </failure>
  </testcase> <!-- TestLogin -->
</testsuite> <!-- AllTest -->
